
> bbpc-admin@0.1.0 dev
> next dev --port 3001

 тип Failed to start server
Error: listen EADDRINUSE: address already in use :::3001
    at Server.setupListenHandle [as _listen2] (node:net:1940:16)
    at listenInCluster (node:net:1997:12)
    at Server.listen (node:net:2102:7)
    at /app/node_modules/next/dist/server/lib/start-server.js:254:16
    at new Promise (<anonymous>)
    at startServer (/app/node_modules/next/dist/server/lib/start-server.js:191:11)
    at process.<anonymous> (/app/node_modules/next/dist/server/lib/start-server.js:277:19)
    at process.emit (node:events:519:28)
    at emit (node:internal/child_process:949:14)
    at process.processTicksAndRejections (node:internal/process/task_queues:91:21) {
  code: 'EADDRINUSE',
  errno: -98,
  syscall: 'listen',
  address: '::',
  port: 3001
}
[?25h
